android/app/build/intermediates/manifest_merge_blame_file/release/processReleaseMainManifest/manifest-merger-blame-release-report.txt
1<?xml version="1.0" encoding="utf-8"?>
2<manifest xmlns:android="http://schemas.android.com/apk/res/android"
3    package="by.bartc.schedule"
4    android:versionCode="1"
5    android:versionName="1.0.0" >
6
7    <uses-sdk
8        android:minSdkVersion="21"
9        android:targetSdkVersion="35" />
10    <!-- Разрешения, необходимые для работы приложения -->
11    <uses-permission android:name="android.permission.INTERNET" />
11-->src\main\AndroidManifest.xml:4:5-66
11-->src\main\AndroidManifest.xml:4:22-64
12    <uses-permission android:name="android.permission.ACCESS_NETWORK_STATE" />
12-->src\main\AndroidManifest.xml:5:5-78
12-->src\main\AndroidManifest.xml:5:22-76
13
14    <!-- Указываем, что приложение не требует аппаратных функций, которые могут отсутствовать на некоторых устройствах -->
15    <uses-feature
15-->src\main\AndroidManifest.xml:8:5-90
16        android:name="android.hardware.touchscreen"
16-->src\main\AndroidManifest.xml:8:19-62
17        android:required="false" />
17-->src\main\AndroidManifest.xml:8:63-87
18
19    <!--
20         Required to query activities that can process text, see:
21         https://developer.android.com/training/package-visibility and
22         https://developer.android.com/reference/android/content/Intent#ACTION_PROCESS_TEXT.
23
24         In particular, this is used by the Flutter engine in io.flutter.plugin.text.ProcessTextPlugin.
25    -->
26    <queries>
26-->src\main\AndroidManifest.xml:65:5-70:15
27        <intent>
27-->src\main\AndroidManifest.xml:66:9-69:18
28            <action android:name="android.intent.action.PROCESS_TEXT" />
28-->src\main\AndroidManifest.xml:67:13-72
28-->src\main\AndroidManifest.xml:67:21-70
29
30            <data android:mimeType="text/plain" />
30-->src\main\AndroidManifest.xml:68:13-50
30-->src\main\AndroidManifest.xml:68:19-48
31        </intent>
32    </queries>
33
34    <permission
34-->[androidx.core:core:1.13.1] AndroidManifest.xml:22:5-24:47
35        android:name="by.bartc.schedule.DYNAMIC_RECEIVER_NOT_EXPORTED_PERMISSION"
35-->[androidx.core:core:1.13.1] AndroidManifest.xml:23:9-81
36        android:protectionLevel="signature" />
36-->[androidx.core:core:1.13.1] AndroidManifest.xml:24:9-44
37
38    <uses-permission android:name="by.bartc.schedule.DYNAMIC_RECEIVER_NOT_EXPORTED_PERMISSION" />
38-->[androidx.core:core:1.13.1] AndroidManifest.xml:26:5-97
38-->[androidx.core:core:1.13.1] AndroidManifest.xml:26:22-94
39
40    <application
41        android:name="android.app.Application"
41-->src\main\AndroidManifest.xml:12:9-42
42        android:allowBackup="true"
42-->src\main\AndroidManifest.xml:16:9-35
43        android:appComponentFactory="androidx.core.app.CoreComponentFactory"
43-->[androidx.core:core:1.13.1] AndroidManifest.xml:28:18-86
44        android:dataExtractionRules="@xml/data_extraction_rules"
44-->src\main\AndroidManifest.xml:18:9-65
45        android:enableOnBackInvokedCallback="true"
45-->src\main\AndroidManifest.xml:14:9-51
46        android:extractNativeLibs="true"
47        android:fullBackupContent="@xml/backup_rules"
47-->src\main\AndroidManifest.xml:17:9-54
48        android:icon="@mipmap/ic_launcher"
48-->src\main\AndroidManifest.xml:13:9-43
49        android:label="БТК Расписание"
49-->src\main\AndroidManifest.xml:11:9-39
50        android:usesCleartextTraffic="true" >
50-->src\main\AndroidManifest.xml:15:9-44
51
52        <!-- Метаданные для показа версии пользователям -->
53        <meta-data
53-->src\main\AndroidManifest.xml:21:9-23:37
54            android:name="versionInfo"
54-->src\main\AndroidManifest.xml:22:13-39
55            android:value="1.0.0" />
55-->src\main\AndroidManifest.xml:23:13-34
56
57        <activity
57-->src\main\AndroidManifest.xml:25:9-52:20
58            android:name="by.bartc.schedule.MainActivity"
58-->src\main\AndroidManifest.xml:26:13-41
59            android:configChanges="orientation|keyboardHidden|keyboard|screenSize|smallestScreenSize|locale|layoutDirection|fontScale|screenLayout|density|uiMode"
59-->src\main\AndroidManifest.xml:31:13-163
60            android:exported="true"
60-->src\main\AndroidManifest.xml:27:13-36
61            android:hardwareAccelerated="true"
61-->src\main\AndroidManifest.xml:32:13-47
62            android:launchMode="singleTop"
62-->src\main\AndroidManifest.xml:28:13-43
63            android:taskAffinity=""
63-->src\main\AndroidManifest.xml:29:13-36
64            android:theme="@style/LaunchTheme"
64-->src\main\AndroidManifest.xml:30:13-47
65            android:windowSoftInputMode="adjustResize" >
65-->src\main\AndroidManifest.xml:33:13-55
66
67            <!--
68                 Specifies an Android theme to apply to this Activity as soon as
69                 the Android process has started. This theme is visible to the user
70                 while the Flutter UI initializes. After that, this theme continues
71                 to determine the Window background behind the Flutter UI.
72            -->
73            <meta-data
73-->src\main\AndroidManifest.xml:38:13-41:17
74                android:name="io.flutter.embedding.android.NormalTheme"
74-->src\main\AndroidManifest.xml:39:15-70
75                android:resource="@style/NormalTheme" />
75-->src\main\AndroidManifest.xml:40:15-52
76
77            <intent-filter>
77-->src\main\AndroidManifest.xml:42:13-45:29
78                <action android:name="android.intent.action.MAIN" />
78-->src\main\AndroidManifest.xml:43:17-68
78-->src\main\AndroidManifest.xml:43:25-66
79
80                <category android:name="android.intent.category.LAUNCHER" />
80-->src\main\AndroidManifest.xml:44:17-76
80-->src\main\AndroidManifest.xml:44:27-74
81            </intent-filter>
82
83            <!-- Для возможности открытия приложения через поиск -->
84            <intent-filter>
84-->src\main\AndroidManifest.xml:48:13-51:29
85                <action android:name="android.intent.action.SEARCH" />
85-->src\main\AndroidManifest.xml:49:17-71
85-->src\main\AndroidManifest.xml:49:25-68
86
87                <category android:name="android.intent.category.DEFAULT" />
87-->src\main\AndroidManifest.xml:50:17-76
87-->src\main\AndroidManifest.xml:50:27-73
88            </intent-filter>
89        </activity>
90        <!--
91             Don't delete the meta-data below.
92             This is used by the Flutter tool to generate GeneratedPluginRegistrant.java
93        -->
94        <meta-data
94-->src\main\AndroidManifest.xml:55:9-57:33
95            android:name="flutterEmbedding"
95-->src\main\AndroidManifest.xml:56:13-44
96            android:value="2" />
96-->src\main\AndroidManifest.xml:57:13-30
97        <!--
98           Declares a provider which allows us to store files to share in
99           '.../caches/share_plus' and grant the receiving action access
100        -->
101        <provider
101-->[:share_plus] AndroidManifest.xml:13:9-21:20
102            android:name="dev.fluttercommunity.plus.share.ShareFileProvider"
102-->[:share_plus] AndroidManifest.xml:14:13-77
103            android:authorities="by.bartc.schedule.flutter.share_provider"
103-->[:share_plus] AndroidManifest.xml:15:13-74
104            android:exported="false"
104-->[:share_plus] AndroidManifest.xml:16:13-37
105            android:grantUriPermissions="true" >
105-->[:share_plus] AndroidManifest.xml:17:13-47
106            <meta-data
106-->[:share_plus] AndroidManifest.xml:18:13-20:68
107                android:name="android.support.FILE_PROVIDER_PATHS"
107-->[:share_plus] AndroidManifest.xml:19:17-67
108                android:resource="@xml/flutter_share_file_paths" />
108-->[:share_plus] AndroidManifest.xml:20:17-65
109        </provider>
110        <!--
111           This manifest declared broadcast receiver allows us to use an explicit
112           Intent when creating a PendingItent to be informed of the user's choice
113        -->
114        <receiver
114-->[:share_plus] AndroidManifest.xml:26:9-32:20
115            android:name="dev.fluttercommunity.plus.share.SharePlusPendingIntent"
115-->[:share_plus] AndroidManifest.xml:27:13-82
116            android:exported="false" >
116-->[:share_plus] AndroidManifest.xml:28:13-37
117            <intent-filter>
117-->[:share_plus] AndroidManifest.xml:29:13-31:29
118                <action android:name="EXTRA_CHOSEN_COMPONENT" />
118-->[:share_plus] AndroidManifest.xml:30:17-65
118-->[:share_plus] AndroidManifest.xml:30:25-62
119            </intent-filter>
120        </receiver>
121
122        <activity
122-->[:url_launcher_android] AndroidManifest.xml:8:9-11:74
123            android:name="io.flutter.plugins.urllauncher.WebViewActivity"
123-->[:url_launcher_android] AndroidManifest.xml:9:13-74
124            android:exported="false"
124-->[:url_launcher_android] AndroidManifest.xml:10:13-37
125            android:theme="@android:style/Theme.NoTitleBar.Fullscreen" />
125-->[:url_launcher_android] AndroidManifest.xml:11:13-71
126
127        <uses-library
127-->[androidx.window:window:1.2.0] AndroidManifest.xml:23:9-25:40
128            android:name="androidx.window.extensions"
128-->[androidx.window:window:1.2.0] AndroidManifest.xml:24:13-54
129            android:required="false" />
129-->[androidx.window:window:1.2.0] AndroidManifest.xml:25:13-37
130        <uses-library
130-->[androidx.window:window:1.2.0] AndroidManifest.xml:26:9-28:40
131            android:name="androidx.window.sidecar"
131-->[androidx.window:window:1.2.0] AndroidManifest.xml:27:13-51
132            android:required="false" />
132-->[androidx.window:window:1.2.0] AndroidManifest.xml:28:13-37
133
134        <provider
134-->[androidx.lifecycle:lifecycle-process:2.7.0] AndroidManifest.xml:24:9-32:20
135            android:name="androidx.startup.InitializationProvider"
135-->[androidx.lifecycle:lifecycle-process:2.7.0] AndroidManifest.xml:25:13-67
136            android:authorities="by.bartc.schedule.androidx-startup"
136-->[androidx.lifecycle:lifecycle-process:2.7.0] AndroidManifest.xml:26:13-68
137            android:exported="false" >
137-->[androidx.lifecycle:lifecycle-process:2.7.0] AndroidManifest.xml:27:13-37
138            <meta-data
138-->[androidx.lifecycle:lifecycle-process:2.7.0] AndroidManifest.xml:29:13-31:52
139                android:name="androidx.lifecycle.ProcessLifecycleInitializer"
139-->[androidx.lifecycle:lifecycle-process:2.7.0] AndroidManifest.xml:30:17-78
140                android:value="androidx.startup" />
140-->[androidx.lifecycle:lifecycle-process:2.7.0] AndroidManifest.xml:31:17-49
141            <meta-data
141-->[androidx.profileinstaller:profileinstaller:1.3.1] AndroidManifest.xml:29:13-31:52
142                android:name="androidx.profileinstaller.ProfileInstallerInitializer"
142-->[androidx.profileinstaller:profileinstaller:1.3.1] AndroidManifest.xml:30:17-85
143                android:value="androidx.startup" />
143-->[androidx.profileinstaller:profileinstaller:1.3.1] AndroidManifest.xml:31:17-49
144        </provider>
145
146        <receiver
146-->[androidx.profileinstaller:profileinstaller:1.3.1] AndroidManifest.xml:34:9-52:20
147            android:name="androidx.profileinstaller.ProfileInstallReceiver"
147-->[androidx.profileinstaller:profileinstaller:1.3.1] AndroidManifest.xml:35:13-76
148            android:directBootAware="false"
148-->[androidx.profileinstaller:profileinstaller:1.3.1] AndroidManifest.xml:36:13-44
149            android:enabled="true"
149-->[androidx.profileinstaller:profileinstaller:1.3.1] AndroidManifest.xml:37:13-35
150            android:exported="true"
150-->[androidx.profileinstaller:profileinstaller:1.3.1] AndroidManifest.xml:38:13-36
151            android:permission="android.permission.DUMP" >
151-->[androidx.profileinstaller:profileinstaller:1.3.1] AndroidManifest.xml:39:13-57
152            <intent-filter>
152-->[androidx.profileinstaller:profileinstaller:1.3.1] AndroidManifest.xml:40:13-42:29
153                <action android:name="androidx.profileinstaller.action.INSTALL_PROFILE" />
153-->[androidx.profileinstaller:profileinstaller:1.3.1] AndroidManifest.xml:41:17-91
153-->[androidx.profileinstaller:profileinstaller:1.3.1] AndroidManifest.xml:41:25-88
154            </intent-filter>
155            <intent-filter>
155-->[androidx.profileinstaller:profileinstaller:1.3.1] AndroidManifest.xml:43:13-45:29
156                <action android:name="androidx.profileinstaller.action.SKIP_FILE" />
156-->[androidx.profileinstaller:profileinstaller:1.3.1] AndroidManifest.xml:44:17-85
156-->[androidx.profileinstaller:profileinstaller:1.3.1] AndroidManifest.xml:44:25-82
157            </intent-filter>
158            <intent-filter>
158-->[androidx.profileinstaller:profileinstaller:1.3.1] AndroidManifest.xml:46:13-48:29
159                <action android:name="androidx.profileinstaller.action.SAVE_PROFILE" />
159-->[androidx.profileinstaller:profileinstaller:1.3.1] AndroidManifest.xml:47:17-88
159-->[androidx.profileinstaller:profileinstaller:1.3.1] AndroidManifest.xml:47:25-85
160            </intent-filter>
161            <intent-filter>
161-->[androidx.profileinstaller:profileinstaller:1.3.1] AndroidManifest.xml:49:13-51:29
162                <action android:name="androidx.profileinstaller.action.BENCHMARK_OPERATION" />
162-->[androidx.profileinstaller:profileinstaller:1.3.1] AndroidManifest.xml:50:17-95
162-->[androidx.profileinstaller:profileinstaller:1.3.1] AndroidManifest.xml:50:25-92
163            </intent-filter>
164        </receiver>
165    </application>
166
167</manifest>